{"C:\\Users\\Flemi\\Downloads\\TP-Solo\\TP-Solo\\src\\App.js": {"path":"C:\\Users\\Flemi\\Downloads\\TP-Solo\\TP-Solo\\src\\App.js","statementMap":{"0":{"start":{"line":14,"column":38},"end":{"line":14,"column":53}},"1":{"start":{"line":16,"column":2},"end":{"line":26,"column":4}}},"fnMap":{"0":{"name":"App","decl":{"start":{"line":13,"column":9},"end":{"line":13,"column":12}},"loc":{"start":{"line":13,"column":15},"end":{"line":27,"column":1}},"line":13}},"branchMap":{"0":{"loc":{"start":{"line":23,"column":9},"end":{"line":23,"column":63}},"type":"binary-expr","locations":[{"start":{"line":23,"column":9},"end":{"line":23,"column":19}},{"start":{"line":23,"column":23},"end":{"line":23,"column":63}}],"line":23}},"s":{"0":9,"1":9},"f":{"0":9},"b":{"0":[9,1]},"_coverageSchema":"1a1c01bbd47fc00a2c39e90264f33305004495a9","hash":"e8ebd8ba2b007bf3dbc03b5ed151dd097d83cbdb"}
,"C:\\Users\\Flemi\\Downloads\\TP-Solo\\TP-Solo\\src\\api.js": {"path":"C:\\Users\\Flemi\\Downloads\\TP-Solo\\TP-Solo\\src\\api.js","statementMap":{"0":{"start":{"line":4,"column":12},"end":{"line":4,"column":44}},"1":{"start":{"line":15,"column":26},"end":{"line":23,"column":1}},"2":{"start":{"line":16,"column":4},"end":{"line":22,"column":5}},"3":{"start":{"line":17,"column":25},"end":{"line":17,"column":56}},"4":{"start":{"line":18,"column":8},"end":{"line":18,"column":49}},"5":{"start":{"line":21,"column":8},"end":{"line":21,"column":20}},"6":{"start":{"line":26,"column":27},"end":{"line":34,"column":1}},"7":{"start":{"line":27,"column":4},"end":{"line":33,"column":5}},"8":{"start":{"line":28,"column":25},"end":{"line":28,"column":56}},"9":{"start":{"line":29,"column":8},"end":{"line":29,"column":42}},"10":{"start":{"line":32,"column":8},"end":{"line":32,"column":20}}},"fnMap":{"0":{"name":"(anonymous_0)","decl":{"start":{"line":15,"column":26},"end":{"line":15,"column":27}},"loc":{"start":{"line":15,"column":38},"end":{"line":23,"column":1}},"line":15},"1":{"name":"(anonymous_1)","decl":{"start":{"line":26,"column":27},"end":{"line":26,"column":28}},"loc":{"start":{"line":26,"column":39},"end":{"line":34,"column":1}},"line":26}},"branchMap":{},"s":{"0":1,"1":1,"2":2,"3":2,"4":1,"5":1,"6":1,"7":2,"8":2,"9":1,"10":1},"f":{"0":2,"1":2},"b":{},"_coverageSchema":"1a1c01bbd47fc00a2c39e90264f33305004495a9","hash":"94444d9ef9e26f0a73be30b5954d8d50c48e2577"}
,"C:\\Users\\Flemi\\Downloads\\TP-Solo\\TP-Solo\\src\\module.js": {"path":"C:\\Users\\Flemi\\Downloads\\TP-Solo\\TP-Solo\\src\\module.js","statementMap":{"0":{"start":{"line":10,"column":4},"end":{"line":12,"column":5}},"1":{"start":{"line":11,"column":8},"end":{"line":11,"column":43}},"2":{"start":{"line":15,"column":4},"end":{"line":17,"column":5}},"3":{"start":{"line":16,"column":8},"end":{"line":16,"column":58}},"4":{"start":{"line":20,"column":4},"end":{"line":22,"column":5}},"5":{"start":{"line":21,"column":8},"end":{"line":21,"column":70}},"6":{"start":{"line":25,"column":4},"end":{"line":27,"column":5}},"7":{"start":{"line":26,"column":8},"end":{"line":26,"column":70}},"8":{"start":{"line":30,"column":4},"end":{"line":32,"column":5}},"9":{"start":{"line":31,"column":8},"end":{"line":31,"column":56}},"10":{"start":{"line":34,"column":19},"end":{"line":34,"column":59}},"11":{"start":{"line":35,"column":14},"end":{"line":35,"column":46}},"12":{"start":{"line":36,"column":4},"end":{"line":36,"column":15}},"13":{"start":{"line":39,"column":0},"end":{"line":39,"column":34}}},"fnMap":{"0":{"name":"calculateAge","decl":{"start":{"line":8,"column":9},"end":{"line":8,"column":21}},"loc":{"start":{"line":8,"column":25},"end":{"line":37,"column":1}},"line":8}},"branchMap":{"0":{"loc":{"start":{"line":10,"column":4},"end":{"line":12,"column":5}},"type":"if","locations":[{"start":{"line":10,"column":4},"end":{"line":12,"column":5}},{"start":{},"end":{}}],"line":10},"1":{"loc":{"start":{"line":15,"column":4},"end":{"line":17,"column":5}},"type":"if","locations":[{"start":{"line":15,"column":4},"end":{"line":17,"column":5}},{"start":{},"end":{}}],"line":15},"2":{"loc":{"start":{"line":15,"column":8},"end":{"line":15,"column":43}},"type":"binary-expr","locations":[{"start":{"line":15,"column":8},"end":{"line":15,"column":29}},{"start":{"line":15,"column":33},"end":{"line":15,"column":43}}],"line":15},"3":{"loc":{"start":{"line":20,"column":4},"end":{"line":22,"column":5}},"type":"if","locations":[{"start":{"line":20,"column":4},"end":{"line":22,"column":5}},{"start":{},"end":{}}],"line":20},"4":{"loc":{"start":{"line":25,"column":4},"end":{"line":27,"column":5}},"type":"if","locations":[{"start":{"line":25,"column":4},"end":{"line":27,"column":5}},{"start":{},"end":{}}],"line":25},"5":{"loc":{"start":{"line":30,"column":4},"end":{"line":32,"column":5}},"type":"if","locations":[{"start":{"line":30,"column":4},"end":{"line":32,"column":5}},{"start":{},"end":{}}],"line":30}},"s":{"0":16,"1":1,"2":15,"3":5,"4":10,"5":1,"6":9,"7":5,"8":4,"9":3,"10":1,"11":1,"12":1,"13":1},"f":{"0":16},"b":{"0":[1,15],"1":[5,10],"2":[15,11],"3":[1,9],"4":[5,4],"5":[3,1]},"_coverageSchema":"1a1c01bbd47fc00a2c39e90264f33305004495a9","hash":"8ac1a060540f6b1ae4a148c493f7e36ef603a303"}
,"C:\\Users\\Flemi\\Downloads\\TP-Solo\\TP-Solo\\src\\components\\forms\\RegistrationForm.js": {"path":"C:\\Users\\Flemi\\Downloads\\TP-Solo\\TP-Solo\\src\\components\\forms\\RegistrationForm.js","statementMap":{"0":{"start":{"line":21,"column":25},"end":{"line":161,"column":1}},"1":{"start":{"line":22,"column":34},"end":{"line":29,"column":4}},"2":{"start":{"line":31,"column":30},"end":{"line":31,"column":42}},"3":{"start":{"line":33,"column":23},"end":{"line":39,"column":3}},"4":{"start":{"line":34,"column":28},"end":{"line":34,"column":36}},"5":{"start":{"line":35,"column":4},"end":{"line":38,"column":8}},"6":{"start":{"line":35,"column":25},"end":{"line":38,"column":5}},"7":{"start":{"line":41,"column":23},"end":{"line":66,"column":3}},"8":{"start":{"line":42,"column":4},"end":{"line":42,"column":23}},"9":{"start":{"line":43,"column":29},"end":{"line":43,"column":51}},"10":{"start":{"line":45,"column":4},"end":{"line":65,"column":5}},"11":{"start":{"line":47,"column":6},"end":{"line":47,"column":65}},"12":{"start":{"line":50,"column":6},"end":{"line":50,"column":26}},"13":{"start":{"line":53,"column":6},"end":{"line":60,"column":9}},"14":{"start":{"line":61,"column":6},"end":{"line":61,"column":20}},"15":{"start":{"line":63,"column":6},"end":{"line":63,"column":34}},"16":{"start":{"line":68,"column":22},"end":{"line":68,"column":50}},"17":{"start":{"line":70,"column":2},"end":{"line":160,"column":4}}},"fnMap":{"0":{"name":"(anonymous_0)","decl":{"start":{"line":21,"column":25},"end":{"line":21,"column":26}},"loc":{"start":{"line":21,"column":48},"end":{"line":161,"column":1}},"line":21},"1":{"name":"(anonymous_1)","decl":{"start":{"line":33,"column":23},"end":{"line":33,"column":24}},"loc":{"start":{"line":33,"column":30},"end":{"line":39,"column":3}},"line":33},"2":{"name":"(anonymous_2)","decl":{"start":{"line":35,"column":16},"end":{"line":35,"column":17}},"loc":{"start":{"line":35,"column":25},"end":{"line":38,"column":5}},"line":35},"3":{"name":"(anonymous_3)","decl":{"start":{"line":41,"column":23},"end":{"line":41,"column":24}},"loc":{"start":{"line":41,"column":30},"end":{"line":66,"column":3}},"line":41}},"branchMap":{"0":{"loc":{"start":{"line":45,"column":4},"end":{"line":65,"column":5}},"type":"if","locations":[{"start":{"line":45,"column":4},"end":{"line":65,"column":5}},{"start":{"line":62,"column":11},"end":{"line":65,"column":5}}],"line":45},"1":{"loc":{"start":{"line":80,"column":21},"end":{"line":80,"column":52}},"type":"cond-expr","locations":[{"start":{"line":80,"column":40},"end":{"line":80,"column":47}},{"start":{"line":80,"column":50},"end":{"line":80,"column":52}}],"line":80},"2":{"loc":{"start":{"line":83,"column":9},"end":{"line":83,"column":86}},"type":"binary-expr","locations":[{"start":{"line":83,"column":9},"end":{"line":83,"column":25}},{"start":{"line":83,"column":29},"end":{"line":83,"column":86}}],"line":83},"3":{"loc":{"start":{"line":94,"column":21},"end":{"line":94,"column":51}},"type":"cond-expr","locations":[{"start":{"line":94,"column":39},"end":{"line":94,"column":46}},{"start":{"line":94,"column":49},"end":{"line":94,"column":51}}],"line":94},"4":{"loc":{"start":{"line":97,"column":9},"end":{"line":97,"column":84}},"type":"binary-expr","locations":[{"start":{"line":97,"column":9},"end":{"line":97,"column":24}},{"start":{"line":97,"column":28},"end":{"line":97,"column":84}}],"line":97},"5":{"loc":{"start":{"line":108,"column":21},"end":{"line":108,"column":48}},"type":"cond-expr","locations":[{"start":{"line":108,"column":36},"end":{"line":108,"column":43}},{"start":{"line":108,"column":46},"end":{"line":108,"column":48}}],"line":108},"6":{"loc":{"start":{"line":111,"column":9},"end":{"line":111,"column":78}},"type":"binary-expr","locations":[{"start":{"line":111,"column":9},"end":{"line":111,"column":21}},{"start":{"line":111,"column":25},"end":{"line":111,"column":78}}],"line":111},"7":{"loc":{"start":{"line":122,"column":21},"end":{"line":122,"column":52}},"type":"cond-expr","locations":[{"start":{"line":122,"column":40},"end":{"line":122,"column":47}},{"start":{"line":122,"column":50},"end":{"line":122,"column":52}}],"line":122},"8":{"loc":{"start":{"line":125,"column":9},"end":{"line":125,"column":86}},"type":"binary-expr","locations":[{"start":{"line":125,"column":9},"end":{"line":125,"column":25}},{"start":{"line":125,"column":29},"end":{"line":125,"column":86}}],"line":125},"9":{"loc":{"start":{"line":136,"column":21},"end":{"line":136,"column":47}},"type":"cond-expr","locations":[{"start":{"line":136,"column":35},"end":{"line":136,"column":42}},{"start":{"line":136,"column":45},"end":{"line":136,"column":47}}],"line":136},"10":{"loc":{"start":{"line":139,"column":9},"end":{"line":139,"column":76}},"type":"binary-expr","locations":[{"start":{"line":139,"column":9},"end":{"line":139,"column":20}},{"start":{"line":139,"column":24},"end":{"line":139,"column":76}}],"line":139},"11":{"loc":{"start":{"line":150,"column":21},"end":{"line":150,"column":53}},"type":"cond-expr","locations":[{"start":{"line":150,"column":41},"end":{"line":150,"column":48}},{"start":{"line":150,"column":51},"end":{"line":150,"column":53}}],"line":150},"12":{"loc":{"start":{"line":153,"column":9},"end":{"line":153,"column":88}},"type":"binary-expr","locations":[{"start":{"line":153,"column":9},"end":{"line":153,"column":26}},{"start":{"line":153,"column":30},"end":{"line":153,"column":88}}],"line":153}},"s":{"0":1,"1":26,"2":26,"3":26,"4":11,"5":11,"6":11,"7":26,"8":7,"9":7,"10":7,"11":1,"12":1,"13":1,"14":1,"15":6,"16":26,"17":26},"f":{"0":26,"1":11,"2":11,"3":7},"b":{"0":[1,6],"1":[6,20],"2":[26,6],"3":[6,20],"4":[26,6],"5":[6,20],"6":[26,6],"7":[6,20],"8":[26,6],"9":[6,20],"10":[26,6],"11":[6,20],"12":[26,6]},"_coverageSchema":"1a1c01bbd47fc00a2c39e90264f33305004495a9","hash":"0ca2b7a62a2f9dbfd9e32a713067543c4796b44d"}
,"C:\\Users\\Flemi\\Downloads\\TP-Solo\\TP-Solo\\src\\components\\toastr\\Toastr.js": {"path":"C:\\Users\\Flemi\\Downloads\\TP-Solo\\TP-Solo\\src\\components\\toastr\\Toastr.js","statementMap":{"0":{"start":{"line":10,"column":4},"end":{"line":37,"column":5}},"1":{"start":{"line":27,"column":36},"end":{"line":27,"column":58}}},"fnMap":{"0":{"name":"Toastr","decl":{"start":{"line":9,"column":24},"end":{"line":9,"column":30}},"loc":{"start":{"line":9,"column":60},"end":{"line":38,"column":1}},"line":9},"1":{"name":"(anonymous_1)","decl":{"start":{"line":27,"column":30},"end":{"line":27,"column":31}},"loc":{"start":{"line":27,"column":36},"end":{"line":27,"column":58}},"line":27}},"branchMap":{},"s":{"0":3,"1":1},"f":{"0":3,"1":1},"b":{},"_coverageSchema":"1a1c01bbd47fc00a2c39e90264f33305004495a9","hash":"1679c3a9f0a76770c18385c242d992177a190801"}
,"C:\\Users\\Flemi\\Downloads\\TP-Solo\\TP-Solo\\src\\components\\utils\\validation.js": {"path":"C:\\Users\\Flemi\\Downloads\\TP-Solo\\TP-Solo\\src\\components\\utils\\validation.js","statementMap":{"0":{"start":{"line":6,"column":24},"end":{"line":17,"column":1}},"1":{"start":{"line":7,"column":16},"end":{"line":7,"column":26}},"2":{"start":{"line":8,"column":16},"end":{"line":8,"column":35}},"3":{"start":{"line":9,"column":12},"end":{"line":9,"column":53}},"4":{"start":{"line":10,"column":20},"end":{"line":10,"column":55}},"5":{"start":{"line":12,"column":2},"end":{"line":14,"column":3}},"6":{"start":{"line":13,"column":4},"end":{"line":13,"column":10}},"7":{"start":{"line":16,"column":2},"end":{"line":16,"column":19}},"8":{"start":{"line":24,"column":33},"end":{"line":26,"column":1}},"9":{"start":{"line":25,"column":2},"end":{"line":25,"column":39}},"10":{"start":{"line":33,"column":27},"end":{"line":35,"column":1}},"11":{"start":{"line":34,"column":2},"end":{"line":34,"column":63}},"12":{"start":{"line":42,"column":28},"end":{"line":44,"column":1}},"13":{"start":{"line":43,"column":2},"end":{"line":43,"column":50}},"14":{"start":{"line":51,"column":34},"end":{"line":53,"column":1}},"15":{"start":{"line":52,"column":2},"end":{"line":52,"column":67}},"16":{"start":{"line":52,"column":46},"end":{"line":52,"column":65}},"17":{"start":{"line":60,"column":28},"end":{"line":88,"column":1}},"18":{"start":{"line":61,"column":17},"end":{"line":61,"column":19}},"19":{"start":{"line":63,"column":2},"end":{"line":65,"column":3}},"20":{"start":{"line":64,"column":4},"end":{"line":64,"column":53}},"21":{"start":{"line":67,"column":2},"end":{"line":69,"column":3}},"22":{"start":{"line":68,"column":4},"end":{"line":68,"column":49}},"23":{"start":{"line":71,"column":2},"end":{"line":73,"column":3}},"24":{"start":{"line":72,"column":4},"end":{"line":72,"column":48}},"25":{"start":{"line":75,"column":2},"end":{"line":77,"column":3}},"26":{"start":{"line":76,"column":4},"end":{"line":76,"column":58}},"27":{"start":{"line":79,"column":2},"end":{"line":81,"column":3}},"28":{"start":{"line":80,"column":4},"end":{"line":80,"column":59}},"29":{"start":{"line":83,"column":2},"end":{"line":85,"column":3}},"30":{"start":{"line":84,"column":4},"end":{"line":84,"column":47}},"31":{"start":{"line":87,"column":2},"end":{"line":87,"column":16}}},"fnMap":{"0":{"name":"(anonymous_0)","decl":{"start":{"line":6,"column":24},"end":{"line":6,"column":25}},"loc":{"start":{"line":6,"column":39},"end":{"line":17,"column":1}},"line":6},"1":{"name":"(anonymous_1)","decl":{"start":{"line":24,"column":33},"end":{"line":24,"column":34}},"loc":{"start":{"line":24,"column":49},"end":{"line":26,"column":1}},"line":24},"2":{"name":"(anonymous_2)","decl":{"start":{"line":33,"column":27},"end":{"line":33,"column":28}},"loc":{"start":{"line":33,"column":37},"end":{"line":35,"column":1}},"line":33},"3":{"name":"(anonymous_3)","decl":{"start":{"line":42,"column":28},"end":{"line":42,"column":29}},"loc":{"start":{"line":42,"column":39},"end":{"line":44,"column":1}},"line":42},"4":{"name":"(anonymous_4)","decl":{"start":{"line":51,"column":34},"end":{"line":51,"column":35}},"loc":{"start":{"line":51,"column":46},"end":{"line":53,"column":1}},"line":51},"5":{"name":"(anonymous_5)","decl":{"start":{"line":52,"column":37},"end":{"line":52,"column":38}},"loc":{"start":{"line":52,"column":46},"end":{"line":52,"column":65}},"line":52},"6":{"name":"(anonymous_6)","decl":{"start":{"line":60,"column":28},"end":{"line":60,"column":29}},"loc":{"start":{"line":60,"column":40},"end":{"line":88,"column":1}},"line":60}},"branchMap":{"0":{"loc":{"start":{"line":12,"column":2},"end":{"line":14,"column":3}},"type":"if","locations":[{"start":{"line":12,"column":2},"end":{"line":14,"column":3}},{"start":{},"end":{}}],"line":12},"1":{"loc":{"start":{"line":12,"column":6},"end":{"line":12,"column":77}},"type":"binary-expr","locations":[{"start":{"line":12,"column":6},"end":{"line":12,"column":19}},{"start":{"line":12,"column":24},"end":{"line":12,"column":39}},{"start":{"line":12,"column":43},"end":{"line":12,"column":76}}],"line":12},"2":{"loc":{"start":{"line":63,"column":2},"end":{"line":65,"column":3}},"type":"if","locations":[{"start":{"line":63,"column":2},"end":{"line":65,"column":3}},{"start":{},"end":{}}],"line":63},"3":{"loc":{"start":{"line":67,"column":2},"end":{"line":69,"column":3}},"type":"if","locations":[{"start":{"line":67,"column":2},"end":{"line":69,"column":3}},{"start":{},"end":{}}],"line":67},"4":{"loc":{"start":{"line":71,"column":2},"end":{"line":73,"column":3}},"type":"if","locations":[{"start":{"line":71,"column":2},"end":{"line":73,"column":3}},{"start":{},"end":{}}],"line":71},"5":{"loc":{"start":{"line":75,"column":2},"end":{"line":77,"column":3}},"type":"if","locations":[{"start":{"line":75,"column":2},"end":{"line":77,"column":3}},{"start":{},"end":{}}],"line":75},"6":{"loc":{"start":{"line":79,"column":2},"end":{"line":81,"column":3}},"type":"if","locations":[{"start":{"line":79,"column":2},"end":{"line":81,"column":3}},{"start":{},"end":{}}],"line":79},"7":{"loc":{"start":{"line":83,"column":2},"end":{"line":85,"column":3}},"type":"if","locations":[{"start":{"line":83,"column":2},"end":{"line":85,"column":3}},{"start":{},"end":{}}],"line":83}},"s":{"0":2,"1":20,"2":20,"3":20,"4":20,"5":20,"6":2,"7":20,"8":2,"9":22,"10":2,"11":39,"12":2,"13":20,"14":2,"15":31,"16":60,"17":2,"18":16,"19":16,"20":7,"21":16,"22":7,"23":16,"24":7,"25":16,"26":7,"27":16,"28":7,"29":16,"30":11,"31":16},"f":{"0":20,"1":22,"2":39,"3":20,"4":31,"5":60,"6":16},"b":{"0":[2,18],"1":[20,19,2],"2":[7,9],"3":[7,9],"4":[7,9],"5":[7,9],"6":[7,9],"7":[11,5]},"_coverageSchema":"1a1c01bbd47fc00a2c39e90264f33305004495a9","hash":"47269a93a012e5a1c4a7a23ec94ee9155b50002c"}
}
