TN:
SF:src\App.js
FN:13,App
FNF:1
FNH:1
FNDA:9,App
DA:14,9
DA:16,9
LF:2
LH:2
BRDA:23,0,0,9
BRDA:23,0,1,1
BRF:2
BRH:2
end_of_record
TN:
SF:src\api.js
FN:15,(anonymous_0)
FN:26,(anonymous_1)
FNF:2
FNH:2
FNDA:2,(anonymous_0)
FNDA:2,(anonymous_1)
DA:4,1
DA:15,1
DA:16,2
DA:17,2
DA:18,1
DA:21,1
DA:26,1
DA:27,2
DA:28,2
DA:29,1
DA:32,1
LF:11
LH:11
BRF:0
BRH:0
end_of_record
TN:
SF:src\module.js
FN:8,calculateAge
FNF:1
FNH:1
FNDA:16,calculateAge
DA:10,16
DA:11,1
DA:15,15
DA:16,5
DA:20,10
DA:21,1
DA:25,9
DA:26,5
DA:30,4
DA:31,3
DA:34,1
DA:35,1
DA:36,1
DA:39,1
LF:14
LH:14
BRDA:10,0,0,1
BRDA:10,0,1,15
BRDA:15,1,0,5
BRDA:15,1,1,10
BRDA:15,2,0,15
BRDA:15,2,1,11
BRDA:20,3,0,1
BRDA:20,3,1,9
BRDA:25,4,0,5
BRDA:25,4,1,4
BRDA:30,5,0,3
BRDA:30,5,1,1
BRF:12
BRH:12
end_of_record
TN:
SF:src\components\forms\RegistrationForm.js
FN:21,(anonymous_0)
FN:33,(anonymous_1)
FN:35,(anonymous_2)
FN:41,(anonymous_3)
FNF:4
FNH:4
FNDA:26,(anonymous_0)
FNDA:11,(anonymous_1)
FNDA:11,(anonymous_2)
FNDA:7,(anonymous_3)
DA:21,1
DA:22,26
DA:31,26
DA:33,26
DA:34,11
DA:35,11
DA:41,26
DA:42,7
DA:43,7
DA:45,7
DA:47,1
DA:50,1
DA:53,1
DA:61,1
DA:63,6
DA:68,26
DA:70,26
LF:17
LH:17
BRDA:45,0,0,1
BRDA:45,0,1,6
BRDA:80,1,0,6
BRDA:80,1,1,20
BRDA:83,2,0,26
BRDA:83,2,1,6
BRDA:94,3,0,6
BRDA:94,3,1,20
BRDA:97,4,0,26
BRDA:97,4,1,6
BRDA:108,5,0,6
BRDA:108,5,1,20
BRDA:111,6,0,26
BRDA:111,6,1,6
BRDA:122,7,0,6
BRDA:122,7,1,20
BRDA:125,8,0,26
BRDA:125,8,1,6
BRDA:136,9,0,6
BRDA:136,9,1,20
BRDA:139,10,0,26
BRDA:139,10,1,6
BRDA:150,11,0,6
BRDA:150,11,1,20
BRDA:153,12,0,26
BRDA:153,12,1,6
BRF:26
BRH:26
end_of_record
TN:
SF:src\components\toastr\Toastr.js
FN:9,Toastr
FN:27,(anonymous_1)
FNF:2
FNH:2
FNDA:3,Toastr
FNDA:1,(anonymous_1)
DA:10,3
DA:27,1
LF:2
LH:2
BRF:0
BRH:0
end_of_record
TN:
SF:src\components\utils\validation.js
FN:6,(anonymous_0)
FN:24,(anonymous_1)
FN:33,(anonymous_2)
FN:42,(anonymous_3)
FN:51,(anonymous_4)
FN:52,(anonymous_5)
FN:60,(anonymous_6)
FNF:7
FNH:7
FNDA:20,(anonymous_0)
FNDA:22,(anonymous_1)
FNDA:39,(anonymous_2)
FNDA:20,(anonymous_3)
FNDA:31,(anonymous_4)
FNDA:60,(anonymous_5)
FNDA:16,(anonymous_6)
DA:6,2
DA:7,20
DA:8,20
DA:9,20
DA:10,20
DA:12,20
DA:13,2
DA:16,20
DA:24,2
DA:25,22
DA:33,2
DA:34,39
DA:42,2
DA:43,20
DA:51,2
DA:52,60
DA:60,2
DA:61,16
DA:63,16
DA:64,7
DA:67,16
DA:68,7
DA:71,16
DA:72,7
DA:75,16
DA:76,7
DA:79,16
DA:80,7
DA:83,16
DA:84,11
DA:87,16
LF:31
LH:31
BRDA:12,0,0,2
BRDA:12,0,1,18
BRDA:12,1,0,20
BRDA:12,1,1,19
BRDA:12,1,2,2
BRDA:63,2,0,7
BRDA:63,2,1,9
BRDA:67,3,0,7
BRDA:67,3,1,9
BRDA:71,4,0,7
BRDA:71,4,1,9
BRDA:75,5,0,7
BRDA:75,5,1,9
BRDA:79,6,0,7
BRDA:79,6,1,9
BRDA:83,7,0,11
BRDA:83,7,1,5
BRF:17
BRH:17
end_of_record
